           1  0.87100238790125739     
           2  0.75970837928803148     
           3  0.68353020257344099     
           4  0.61129260251494588     
           5  0.54329790521208132     
           6  0.49058678016820767     
           7  0.44180351014190028     
           8  0.39601996714562310     
           9  0.35101898068966986     
          10  0.31069063819940873     
          11  0.27319046416346676     
          12  0.23763588953074527     
          13  0.20710621343868599     
          14  0.17711758569024560     
          15  0.15055294608312661     
          16  0.12261847248448299     
          17   9.3846871791392325E-002
          18   6.7527081864201227E-002
          19   4.1840858902083132E-002
          20   1.7297242296203986E-002
          21  -4.2175675122598406E-003
          22  -1.1607032053436545E-002
          23  -1.6854684710500386E-002
          24  -2.1814856134762931E-002
          25  -2.6009634882818530E-002
          26  -2.7766282039117116E-002
          27  -3.2850369135116672E-002
          28  -3.7240220816057691E-002
          29  -4.2146718328613178E-002
          30  -4.4431094149238126E-002
          31  -4.6052342692231456E-002
          32  -4.5290548380112039E-002
          33  -4.4843764725254101E-002
          34  -4.1950949934484318E-002
          35  -4.1231714861170929E-002
          36  -4.0431635309622890E-002
          37  -3.9292033842437651E-002
          38  -3.9305380750494376E-002
          39  -3.8994554656886768E-002
          40  -3.8838283000419686E-002
          41  -3.7383062332459013E-002
          42  -3.1560947016112721E-002
          43  -2.2466208110400229E-002
          44  -1.7188340488196549E-002
          45  -1.2615718415116458E-002
          46  -4.8323696466237628E-003
          47   4.1681309159212487E-004
          48   7.6397269730347139E-004
          49  -5.3995766775619819E-004
          50   6.1827949783229837E-005
          51   6.4599551079218764E-004
          52  -1.4791637670282063E-004
          53  -3.8087526865467152E-003
          54  -4.9247329395001090E-003
          55  -8.5427698568130497E-003
          56  -1.1436795650826326E-002
          57  -1.6162563547784486E-002
          58  -1.7173728534235370E-002
          59  -1.6467314121511947E-002
          60  -1.3591050421319398E-002
          61  -7.8575125439369325E-003
          62  -4.0229512206560293E-003
          63  -2.4430723850926927E-003
          64   1.1082130374441555E-003
          65   3.1241143637986894E-003
          66   9.2481214510619139E-004
          67   2.4028007773663151E-003
          68   7.1009368842485984E-003
          69   7.4917418312231985E-003
          70   8.6067999294048986E-003
          71   1.0026134996438717E-002
          72   1.3658843610255366E-002
          73   1.5014536170761737E-002
          74   1.1305567611301430E-002
          75   1.1574512192566619E-002
          76   1.0858188993041066E-002
          77   9.6838690867784519E-003
          78   1.0945191355113465E-002
          79   7.8822909126141268E-003
          80   9.7075028482371923E-004
          81  -3.1113801021644392E-003
          82  -3.9433617375759910E-003
          83  -6.4310767907003984E-003
          84  -9.9309758139057881E-003
          85  -9.4196478624542727E-003
          86  -4.2059053959436852E-003
          87   2.0866527879780964E-003
          88   2.2245888995818396E-003
          89   2.0463823643873764E-003
          90   2.8271408422138591E-003
          91   2.7195771606243268E-004
          92  -3.7196868619537742E-003
          93  -6.9586628401334463E-003
          94  -9.8490683606074370E-003
          95  -1.4399805696900799E-002
          96  -1.6784158807950991E-002
          97  -1.5177567324123000E-002
          98  -1.5591637457376706E-002
          99  -1.6018330707289967E-002
         100  -1.4427582903084728E-002
         101  -1.3336588326938027E-002
         102  -9.4922353397875765E-003
         103  -7.3147415811392362E-003
         104  -2.5288537528374145E-003
         105   6.8803356188389976E-004
         106   2.6667061635195660E-003
         107   3.1384063563573926E-003
         108   1.6880784790357238E-003
         109   4.8692928196403907E-004
         110  -8.6603963368381699E-004
         111  -1.6021531797818834E-003
         112   3.4872627689070380E-003
         113   6.0853214354893211E-003
         114   3.4674612415621468E-003
         115  -1.0560844302249807E-003
         116  -6.2984847503753643E-003
         117  -1.1600931417718662E-002
         118  -1.2556912075744423E-002
         119  -1.5062084558240849E-002
         120  -1.5752868130061101E-002
         121  -1.6490447382403801E-002
         122  -1.8246392145014060E-002
         123  -2.0855586095393629E-002
         124  -1.9756045811179491E-002
         125  -2.5158550894937699E-002
         126  -3.0075913409963247E-002
         127  -3.0885311009651226E-002
         128  -3.2914443146847112E-002
         129  -3.0827181406351961E-002
         130  -2.5363798650796961E-002
         131  -1.8610914617817418E-002
         132  -1.7700025091349457E-002
         133  -1.3051679007735736E-002
         134  -8.8118610336846148E-003
         135  -7.9117354133231583E-003
         136  -5.2237100851256178E-003
         137  -2.2780835453417203E-003
         138   5.2031937746219148E-004
         139   5.2572860634990748E-003
         140   8.7460036002216923E-003
         141   1.3948566205469859E-002
         142   1.6037281019718297E-002
         143   1.6275464393657901E-002
         144   1.4917195409694757E-002
         145   1.5545170163216276E-002
         146   1.6433647400879749E-002
         147   1.7543986917974631E-002
         148   1.6991461237956532E-002
         149   1.7309134440766646E-002
         150   1.3664301840960008E-002
         151   9.9379268209089430E-003
         152   5.6970465724853264E-003
         153   2.4333045599531089E-003
         154   1.9778089869996662E-004
         155   8.7794911800642686E-005
         156  -2.1283600901114003E-003
         157  -6.3042727880986034E-003
         158  -9.0792989668489095E-003
         159  -9.1549021138776082E-003
         160  -9.1796117831417553E-003
         161  -9.0951971842375620E-003
         162  -1.1152096652565582E-002
         163  -1.4241405806534959E-002
         164  -1.7089064148518154E-002
         165  -1.7827109793087954E-002
         166  -1.6424595079132125E-002
         167  -1.6553097612545115E-002
         168  -1.8845434247443494E-002
         169  -2.0205751288116695E-002
         170  -2.0593500998036939E-002
         171  -2.1900858416691097E-002
         172  -2.3021677063192199E-002
         173  -2.2432021088401304E-002
         174  -2.1151577563841534E-002
         175  -2.1084541293085859E-002
         176  -1.9296650277721442E-002
         177  -1.4813577167947010E-002
         178  -1.1680370538743663E-002
         179  -1.0040519066897855E-002
         180  -9.9914756745611098E-003
         181  -1.1645118970456106E-002
         182  -1.2231230247122710E-002
         183  -1.2220938745883989E-002
         184  -8.1758983644604922E-003
         185  -6.3600994538044889E-003
         186  -5.9556379304859883E-003
         187  -2.9925540717207423E-003
         188   2.8107747420191335E-003
         189   2.5003871357059328E-003
         190  -3.1805364707799860E-004
         191  -8.6475752458969510E-004
         192  -1.2615157217804071E-003
         193  -7.7604863972030927E-004
         194   2.8200506441208467E-003
         195   5.4497586789548800E-003
         196   1.0120972548507556E-002
         197   1.5484239234322806E-002
         198   1.6728415910822362E-002
         199   2.1114509403609216E-002
         200   2.5727887162954589E-002
