 -0.79036705445544553       0.12198175002359188     
 -0.74199916336633664        1.0358111315562633     
 -0.69363127227722776        2.7146108098470534     
 -0.64526338118811888        3.0991634455146482     
 -0.59689549009901000        2.7497580937521562     
 -0.54852759900990100        2.4623773606457275     
 -0.50015970792079223        1.7821740427175627     
 -0.45179181683168324        1.2136150383703124     
 -0.40342392574257435       0.93657174170656143     
 -0.35505603465346541       0.83939983914539495     
 -0.30668814356435659       0.70708065267912579     
 -0.25832025247524759       0.62438116113770759     
 -0.20995236138613871       0.37421519922491747     
 -0.16158447029702983       0.31839304243446015     
 -0.11321657920792094       0.26257088564400288     
  -6.4848688118812059E-002  0.19227631783379737     
  -1.6480797029703065E-002  0.18400636867965556     
   3.1887094059405818E-002  0.23982852547011285     
   8.0254985148514701E-002   9.9239389849701876E-002
  0.12862287623762358        8.4766978829953682E-002
  0.17699076732673247        2.8944822039496380E-002
  0.22535865841584135        4.5484720347780026E-002
  0.27372654950495034        9.3036927984095505E-002
  0.32209444059405912        2.0674872885354557E-002
  0.37046233168316811        1.2404923731212734E-002
  0.41883022277227711        3.5147283905102744E-002
  0.46719811386138588        8.0632004252882777E-002
  0.51556600495049487        3.5147283905102744E-002
  0.56393389603960364        1.2404923731212734E-002
  0.61230178712871264        2.2742360173890013E-002
  0.66066967821782163        0.0000000000000000     
  0.70903756930693040        4.7552207636315479E-002
  0.75740546039603940        3.5147283905102744E-002
  0.80577335148514817        2.0674872885354557E-002
  0.85414124257425716        2.6877334750960925E-002
  0.90250913366336616        0.0000000000000000     
  0.95087702475247493        0.0000000000000000     
  0.99924491584158392        0.0000000000000000     
   1.0476128069306927        0.0000000000000000     
   1.0959806980198017        1.0337436442677279E-002
   1.1443485891089107        0.0000000000000000     
   1.1927164801980197        0.0000000000000000     
   1.2410843712871282        0.0000000000000000     
   1.2894522623762372        4.1349745770709115E-002
   1.3378201534653462        0.0000000000000000     
   1.3861880445544552        0.0000000000000000     
   1.4345559356435642        0.0000000000000000     
   1.4829238267326728        0.0000000000000000     
   1.5312917178217818        0.0000000000000000     
   1.5796596089108907        0.0000000000000000     
   1.6280274999999997        0.0000000000000000     
   1.6763953910891087        1.0337436442677279E-002
   1.7247632821782173        0.0000000000000000     
   1.7731311732673263        0.0000000000000000     
   1.8214990643564353        0.0000000000000000     
   1.8698669554455443        0.0000000000000000     
   1.9182348465346533        0.0000000000000000     
   1.9666027376237618        0.0000000000000000     
   2.0149706287128710        0.0000000000000000     
   2.0633385198019800        0.0000000000000000     
   2.1117064108910890        0.0000000000000000     
   2.1600743019801980        0.0000000000000000     
   2.2084421930693061        2.0674872885354557E-003
   2.2568100841584151        0.0000000000000000     
   2.3051779752475241        4.1349745770709115E-003
   2.3535458663366331        0.0000000000000000     
   2.4019137574257421        0.0000000000000000     
   2.4502816485148511        0.0000000000000000     
   2.4986495396039601        0.0000000000000000     
   2.5470174306930691        0.0000000000000000     
   2.5953853217821781        0.0000000000000000     
   2.6437532128712862        0.0000000000000000     
   2.6921211039603952        0.0000000000000000     
   2.7404889950495042        0.0000000000000000     
   2.7888568861386132        0.0000000000000000     
   2.8372247772277222        0.0000000000000000     
   2.8855926683168311        0.0000000000000000     
   2.9339605594059401        0.0000000000000000     
   2.9823284504950491        0.0000000000000000     
   3.0306963415841581        0.0000000000000000     
   3.0790642326732671        0.0000000000000000     
   3.1274321237623752        0.0000000000000000     
   3.1758000148514842        0.0000000000000000     
   3.2241679059405941        0.0000000000000000     
   3.2725357970297022        0.0000000000000000     
   3.3209036881188112        0.0000000000000000     
   3.3692715792079202        0.0000000000000000     
   3.4176394702970292        0.0000000000000000     
   3.4660073613861382        0.0000000000000000     
   3.5143752524752472        0.0000000000000000     
   3.5627431435643562        0.0000000000000000     
   3.6111110346534652        0.0000000000000000     
   3.6594789257425742        4.3417233059244567E-002
   3.7078468168316832        0.0000000000000000     
   3.7562147079207913        0.0000000000000000     
   3.8045825990099003        0.0000000000000000     
   3.8529504900990093        0.0000000000000000     
   3.9013183811881182        0.0000000000000000     
   3.9496862722772272        0.0000000000000000     
   3.9980541633663362        0.0000000000000000     
   4.0464220544554452        4.1349745770709115E-003
