           1   1.2080942530511306E-002
           6   2.2862671874342613E-002
          11   2.7298005020285964E-002
          16   3.0001412485307431E-002
          21   3.2256921500083656E-002
          26   3.4397574615535810E-002
          31   3.5541808953522248E-002
          36   3.7197639409599075E-002
          41   3.8819826774039973E-002
          46   3.9205433160047473E-002
          51   3.9610820691341787E-002
          56   4.0974197171964787E-002
          61   4.0603564103474044E-002
          66   4.0332340149917122E-002
          71   4.0996056613965375E-002
          76   4.4201626157816795E-002
          81   4.2783562558381158E-002
          86   4.1450267568098491E-002
          91   4.4168439171808932E-002
          96   4.3058268852814274E-002
         101   4.4202506285745298E-002
         106   4.4461730224591600E-002
         111   4.4084373883177437E-002
         116   4.4382413270121393E-002
         121   4.4467149658702396E-002
         126   4.3309515160332282E-002
         131   4.4860266017985213E-002
         136   4.5116922273117636E-002
         141   4.7079709639131953E-002
         146   4.5753106508709389E-002
         151   4.7833025440310969E-002
         156   4.5567773734476617E-002
         161   4.2832124814542197E-002
         166   4.3639583583770639E-002
         171   4.4800596226428589E-002
         176   4.6054805641816604E-002
         181   4.8158341419524561E-002
         186   4.6532402252426733E-002
         191   4.9143592767160765E-002
         196   4.7828089962220197E-002
         201   4.7428913626623423E-002
         206   4.7584435696950589E-002
         211   4.7092392075156905E-002
         216   4.4136530085702487E-002
         221   4.9511589886881653E-002
         226   4.8032028816136010E-002
         231   4.2972087311021236E-002
         236   5.1769083052344594E-002
         241   4.3274690569902984E-002
         246   5.0800817452530594E-002
         251   5.0413131738463068E-002
         256   5.4910791832531697E-002
         261   4.6371128364806766E-002
         266   5.1424601673532473E-002
         271   4.8418714368154897E-002
         276   4.9745540950154335E-002
         281   5.4904993799309139E-002
         286   4.3035423023026348E-002
         291   4.8073844937777083E-002
         296   4.8486302497802412E-002
         301   4.9193157342962618E-002
         306   5.3740156919782338E-002
         311   4.4234017876541069E-002
         316   4.1335665705407858E-002
         321   4.1676460032746790E-002
         326   5.1529442498925049E-002
         331   4.4404780445046671E-002
         336   4.4671396088104047E-002
         341   4.5719446040109558E-002
         346   4.5456210628394021E-002
         351   4.5376701182353957E-002
         356   4.5850772039910358E-002
         361   4.6578048116954540E-002
         366   5.1750927556813126E-002
         371   5.0951024676803749E-002
         376   4.7081881415540379E-002
         381   4.9901580560744195E-002
         386   4.9593993997900696E-002
         391   4.8125356586678457E-002
         396   5.0924539571333763E-002
         401   4.5599671974047205E-002
         406   4.2441525327663182E-002
         411   4.5538334216360499E-002
         416   4.8811690717029482E-002
         421   4.9102457991819032E-002
         426   4.8308570676387490E-002
         431   4.7117276788308397E-002
         436   4.8518136457130240E-002
         441   4.2932347077513082E-002
         446   4.4942737913565053E-002
         451   4.3606145557811699E-002
         456   4.5776531468254826E-002
         461   3.8521851088842499E-002
         466   4.3055472832728842E-002
         471   4.3207042022130646E-002
         476   4.7482450403511359E-002
         481   4.7816268691251086E-002
         486   4.4220732479535577E-002
         491   4.8158983591051849E-002
         496   4.5560426111364682E-002
