           1  0.92213077142970201     
           2  0.85833800797000681     
           3  0.80141272903234984     
           4  0.75228386990772278     
           5  0.70712117878880099     
           6  0.66406789296255386     
           7  0.62328751151892248     
           8  0.58357255017367615     
           9  0.54452781681698736     
          10  0.51738095154392572     
          11  0.49089009813254736     
          12  0.46718034958165738     
          13  0.44355150983859143     
          14  0.42018596874286451     
          15  0.39929840868218008     
          16  0.37994167254974215     
          17  0.36060238526841554     
          18  0.34256836573324823     
          19  0.32293358459549537     
          20  0.30352234437047815     
          21  0.28439979958129913     
          22  0.26764198073594420     
          23  0.25224194305860470     
          24  0.23744268106618771     
          25  0.22105180582847819     
          26  0.20540962250788852     
          27  0.18862289913532693     
          28  0.17384336203015860     
          29  0.15794832716301624     
          30  0.14448314226184109     
          31  0.12945096447098692     
          32  0.11362755567760048     
          33   9.8935577966584545E-002
          34   8.5145387297214728E-002
          35   7.2808874663585266E-002
          36   6.1057798513374999E-002
          37   5.7370547906777376E-002
          38   5.4932517290381913E-002
          39   4.8449760457221179E-002
          40   4.3001531591569810E-002
          41   3.9550458917897130E-002
          42   3.7057198075646100E-002
          43   3.3137269790838725E-002
          44   3.2387720622632406E-002
          45   3.1062783062165041E-002
          46   3.0406069037273786E-002
          47   2.8066918568040625E-002
          48   2.6065895522442189E-002
          49   2.2773337858968744E-002
          50   1.8249644427808378E-002
          51   1.5405767400917246E-002
          52   1.3484903414859663E-002
          53   1.0081969590990284E-002
          54   8.1403190466941087E-003
          55   4.8537038824588074E-003
          56   1.4179607575085464E-003
          57   1.1704316027076553E-003
          58   9.7367934963106734E-004
          59   2.3048899075622476E-003
          60   2.2057839985830216E-003
          61   2.8160533111114710E-003
          62   2.6775498174738516E-003
          63   2.2166052468055885E-003
          64   1.1868956026736776E-003
          65   6.7665233394324515E-004
          66   4.9164778932546175E-005
          67  -6.2726344330329463E-005
          68   1.9949979016806946E-003
          69   3.6031630445549231E-003
          70   4.1972429327827099E-003
          71   2.5370811909374833E-003
          72   5.6704726690354039E-004
          73  -1.4260305577713814E-003
          74  -4.7856640046572332E-003
          75  -4.8744393470064422E-003
          76  -6.3868342966896651E-003
          77  -6.2850068711052132E-003
          78  -7.4043008414835191E-003
          79  -8.6505543312542007E-003
          80  -8.2316188511358593E-003
          81  -6.1402396591391404E-003
          82  -5.4399933175742401E-003
          83  -5.5682645365287085E-003
          84  -4.3549561558102043E-003
          85  -3.7574975387558805E-003
          86  -3.8616240937969820E-003
          87  -3.5720159172652230E-003
          88  -3.7140143288153364E-003
          89  -2.2958850825365597E-003
          90  -2.4687232195827044E-003
          91  -4.3350658829074415E-003
          92  -5.0967021237156816E-003
          93  -6.2740274838185735E-003
          94  -6.3023259830276941E-003
          95  -6.9472604505379874E-003
          96  -6.6625396018307791E-003
          97  -6.5548544181134134E-003
          98  -5.7932565015841112E-003
          99  -5.7600853186795071E-003
         100  -6.9082511663315482E-003
         101  -7.4653859127729360E-003
         102  -6.4175515221069858E-003
         103  -7.7999522581561230E-003
         104  -8.8953549324882440E-003
         105  -8.4667542398233504E-003
         106  -8.6364299432692519E-003
         107  -8.6094472621379009E-003
         108  -9.4926276397052749E-003
         109  -1.0033835908591002E-002
         110  -1.0566997415873353E-002
         111  -9.5902172357397297E-003
         112  -7.4111108561038279E-003
         113  -5.9163870373167733E-003
         114  -4.7386470683692932E-003
         115  -4.2910193042050362E-003
         116  -5.4300908318660693E-003
         117  -5.8962084109079787E-003
         118  -5.2929269021740385E-003
         119  -4.7696051784930299E-003
         120  -3.8558743940086161E-003
         121  -3.9423685654758397E-003
         122  -3.5161478101778183E-003
         123  -4.5978727702478042E-003
         124  -6.6203381477727072E-003
         125  -9.3410478079304689E-003
         126  -1.0215401554961099E-002
         127  -1.1458375505429620E-002
         128  -1.1883467676286950E-002
         129  -1.1757993807880462E-002
         130  -1.2659653378891583E-002
         131  -1.1118206516542998E-002
         132  -9.1535868993288996E-003
         133  -8.4362688595513453E-003
         134  -8.8137899430791814E-003
         135  -9.2369405681198696E-003
         136  -7.1401314160788234E-003
         137  -6.6029077194755398E-003
         138  -6.1813561672475759E-003
         139  -5.4169166152123307E-003
         140  -1.3313062214388306E-003
         141   1.4484869925441451E-003
         142   2.9213154476028774E-003
         143   5.4503347606722598E-003
         144   5.3904062990474972E-003
         145   5.0360247984652549E-003
         146   5.3734348156475121E-003
         147   6.5322742662476370E-003
         148   6.6934226743013796E-003
         149   9.0010322303188534E-003
         150   1.0031628044010532E-002
         151   1.1172452491639714E-002
         152   1.2110247057310035E-002
         153   1.2809059770701492E-002
         154   1.3521936090834312E-002
         155   1.1130677818535249E-002
         156   9.3451067688544581E-003
         157   8.4831071497238047E-003
         158   7.2094519282132228E-003
         159   6.5051073671752039E-003
         160   4.5724522805734814E-003
         161   2.8807999686322563E-003
         162   1.8185078646397832E-003
         163   2.6588458028470648E-003
         164   3.7308847351947873E-003
         165   5.8361032037028988E-003
         166   6.3376584007636986E-003
         167   7.2375732019146141E-003
         168   7.1302357494175484E-003
         169   6.7771760782883439E-003
         170   7.0762841846776876E-003
         171   7.2155360476928616E-003
         172   6.1266016002787657E-003
         173   4.0514271161202131E-003
         174   6.9107506562248388E-004
         175  -5.5494571796365624E-004
         176  -2.6401805369177878E-003
         177  -4.0271789556932209E-003
         178  -5.9636653063070994E-003
         179  -7.5397619425540390E-003
         180  -8.8967129564235786E-003
         181  -8.7350860997947588E-003
         182  -8.4733939433281735E-003
         183  -6.7879359014688173E-003
         184  -5.7345376936640711E-003
         185  -4.6775425413062071E-003
         186  -4.5717883465926073E-003
         187  -5.8346668134880656E-003
         188  -8.0904592265776502E-003
         189  -9.1757339214357577E-003
         190  -1.0534669134089318E-002
         191  -1.0144023416126273E-002
         192  -9.6947563771744034E-003
         193  -9.3989546404051362E-003
         194  -9.6987008320925366E-003
         195  -1.0760093046369370E-002
         196  -1.2083844211894835E-002
         197  -1.2771212399756714E-002
         198  -1.2084467202128068E-002
         199  -1.1207257865517682E-002
         200  -1.0253894083007933E-002
