  0.24521817991547620       0.96496118857254187     
  0.26594440210642856        0.0000000000000000     
  0.28667062429738099        1.9299223771450837     
  0.30739684648833332        0.0000000000000000     
  0.32812306867928576       0.96496118857254187     
  0.34884929087023808        1.9299223771450837     
  0.36957551306119052        0.0000000000000000     
  0.39030173525214285       0.96496118857254187     
  0.41102795744309528       0.96496118857254187     
  0.43175417963404761        7.7196895085803350     
  0.45248040182500004        5.7897671314352515     
  0.47320662401595237       0.96496118857254187     
  0.49393284620690475        3.8598447542901675     
  0.51465906839785713        3.8598447542901675     
  0.53538529058880946       0.96496118857254187     
  0.55611151277976201        7.7196895085803350     
  0.57683773497071433        3.8598447542901675     
  0.59756395716166666        0.0000000000000000     
  0.61829017935261898       0.96496118857254187     
  0.63901640154357153        1.9299223771450837     
  0.65974262373452386        2.8948835657176257     
