           1   2.7561913913885486E-003
           6   5.9371465582460578E-003
          11   7.1771872482997746E-003
          16   7.9647511474384928E-003
          21   8.3570137470136176E-003
          26   8.7746436327251782E-003
          31   8.9419444071561043E-003
          36   9.8320611673487299E-003
          41   9.4518777439181502E-003
          46   9.4106883199965505E-003
          51   9.7786917967656300E-003
          56   9.3740832404350244E-003
          61   9.2497267556728366E-003
          66   9.7933357295558830E-003
          71   9.5380296790205359E-003
          76   1.0340132612439787E-002
          81   9.5074692707951894E-003
          86   9.2925297962255741E-003
          91   1.0296500124102768E-002
          96   9.8294128527535579E-003
         101   9.4276566055942132E-003
         106   1.0361815730816685E-002
         111   9.1634995489306113E-003
         116   9.8319627491859629E-003
         121   1.0206532164354187E-002
         126   9.4461961816671557E-003
         131   1.0001774081974791E-002
         136   9.9195471488454090E-003
         141   1.0215363386720818E-002
         146   1.0573213953508992E-002
         151   1.0124170368824154E-002
         156   1.0614980522724983E-002
         161   1.0427329828860471E-002
         166   9.4061902688348520E-003
         171   1.0269914293508346E-002
         176   1.0072470060649999E-002
         181   9.8631078397428944E-003
         186   9.8973460949834946E-003
         191   1.0757846667105194E-002
         196   9.4043567744832527E-003
         201   1.0714190108286462E-002
         206   1.0491356238185930E-002
         211   1.0296051544319045E-002
         216   1.0567105516254713E-002
         221   9.5001551912977777E-003
         226   1.0784117285425790E-002
         231   1.0162480574712396E-002
         236   1.0110296438647318E-002
         241   1.1028510074644940E-002
         246   8.6989550894653444E-003
         251   9.8770667574746059E-003
         256   1.0763351211764836E-002
         261   1.0343634123277235E-002
         266   9.5945784291435431E-003
         271   1.1055700880543817E-002
         276   1.0206114419621173E-002
         281   1.0805828831330135E-002
         286   9.9526166929408463E-003
         291   1.0909542936876895E-002
         296   1.1618023537876103E-002
         301   1.0499455494000070E-002
         306   1.0817446941068868E-002
         311   1.1034971637073355E-002
         316   1.2011435817323694E-002
         321   1.1831435203294955E-002
         326   9.4619997774782472E-003
         331   9.6824081907813438E-003
         336   1.0582998113686478E-002
         341   9.7112166544418600E-003
         346   1.0493215459700523E-002
         351   1.1225684026745650E-002
         356   9.7914728607417408E-003
         361   9.5184235079645504E-003
         366   1.0641269188259852E-002
         371   9.9052358205807545E-003
         376   1.0146042932812346E-002
         381   1.2106668815348725E-002
         386   1.1444073528340870E-002
         391   1.0723861696283353E-002
         396   1.0062813412966469E-002
         401   9.8596195973023274E-003
         406   9.0994462988167931E-003
         411   9.4188200966990633E-003
         416   1.1479414251921623E-002
         421   1.0099472948367791E-002
         426   1.0639924480913474E-002
         431   1.0821973343232818E-002
         436   1.0978715836435952E-002
         441   1.1006563301231953E-002
         446   9.7128783110619586E-003
         451   9.4621372418503512E-003
         456   9.4545924353338171E-003
         461   9.8517026106192621E-003
         466   1.0745268570512086E-002
         471   1.0900537768037812E-002
         476   1.2386982559384835E-002
         481   1.1690445063942777E-002
         486   1.1937800832723574E-002
         491   1.0004598349598390E-002
         496   9.5407835813622992E-003
