           1  0.86305210400919263     
           2  0.73993981831779665     
           3  0.62863663032050832     
           4  0.53002440214606072     
           5  0.46245549698554828     
           6  0.40073269811782991     
           7  0.34061762449942595     
           8  0.28914329546864881     
           9  0.23876941561590123     
          10  0.19734760427832246     
          11  0.16893127779290809     
          12  0.14062994636319706     
          13  0.11821700445863151     
          14  0.10290082533306084     
          15   9.1117487471651284E-002
          16   8.6631928532661259E-002
          17   8.5079844071271990E-002
          18   8.0827489622859641E-002
          19   7.6343976376916048E-002
          20   6.5532623502830400E-002
          21   5.2522280449950942E-002
          22   3.5970967582726582E-002
          23   2.2707524821090619E-002
          24   6.2734253346944675E-003
          25  -7.6317945699335681E-003
          26  -1.7898358789576959E-002
          27  -2.1429998657303599E-002
          28  -2.1196017028100648E-002
          29  -1.9557387298861011E-002
          30  -1.9773049679857786E-002
          31  -1.9272531219371582E-002
          32  -1.8728876560274818E-002
          33  -2.0009519955432025E-002
          34  -1.8414343119496891E-002
          35  -1.9281225604266327E-002
          36  -1.9504382574571967E-002
          37  -1.8594552536467700E-002
          38  -1.5943254855443061E-002
          39  -1.4889285641002311E-002
          40  -1.4210797021786122E-002
          41  -6.9556925251365960E-003
          42   6.8638498103811528E-004
          43   6.0226253331291208E-003
          44   1.0365033857461386E-002
          45   1.7929259699645168E-002
          46   2.7275407658104139E-002
          47   3.2636188981782055E-002
          48   3.7241122301363880E-002
          49   3.9430574179186495E-002
          50   3.9385584662225893E-002
          51   3.4185922066714697E-002
          52   3.0687364671617635E-002
          53   2.6236701443979760E-002
          54   1.9581206403253715E-002
          55   1.3371530404307832E-002
          56   1.2923812737574786E-002
          57   1.5588108108366246E-002
          58   1.9565231283778475E-002
          59   2.3273159413259560E-002
          60   2.1586532445334448E-002
          61   2.0443122997180260E-002
          62   2.4635071013614313E-002
          63   2.8766658953026630E-002
          64   2.9751939873637331E-002
          65   3.3302796289332588E-002
          66   3.1528846721353782E-002
          67   3.1285307237461167E-002
          68   3.4039414958308513E-002
          69   3.5332058371540631E-002
          70   3.7105072759864473E-002
          71   3.9457597225733859E-002
          72   4.1843414006195429E-002
          73   5.1156511870078678E-002
          74   5.7780932522168559E-002
          75   5.7090647435129850E-002
          76   5.1049971919979863E-002
          77   4.5001744965026888E-002
          78   4.4990081374298808E-002
          79   3.9630630495148818E-002
          80   3.2009400401194467E-002
          81   2.4626284745988734E-002
          82   1.8882798259912344E-002
          83   1.5284852529086776E-002
          84   1.2996021754717674E-002
          85   9.4532478059254424E-003
          86   1.1283395292348291E-002
          87   1.6471113992062501E-002
          88   2.1340643612026040E-002
          89   2.5111519760018883E-002
          90   2.4248999239532894E-002
          91   1.8858987308488690E-002
          92   1.2934998479812458E-002
          93   6.5266684041736843E-003
          94   5.0092598974899039E-003
          95   2.4338385166267490E-003
          96   1.7875954151248714E-005
          97  -1.1578854527493200E-003
          98  -5.1258487430919228E-003
          99  -9.0198424865861621E-003
         100  -1.0525525253163423E-002
         101  -8.4217602445545246E-003
         102  -9.4412771110956011E-003
         103  -6.9924132601375871E-003
         104  -1.4012129951436660E-003
         105   9.1536859155824147E-004
         106   5.8075601163754117E-003
         107   1.1917838960882311E-002
         108   1.5681029619869807E-002
         109   2.1883040069342573E-002
         110   2.6529121470454130E-002
         111   3.3049089479135874E-002
         112   3.7451654213789459E-002
         113   4.3548845503322775E-002
         114   4.8762936147348383E-002
         115   4.6561518216111576E-002
         116   4.5192010269941914E-002
         117   4.0130442209742698E-002
         118   3.6817560960700726E-002
         119   3.4712136447436877E-002
         120   3.0277277173889967E-002
         121   2.7476883721887085E-002
         122   2.8561138368619312E-002
         123   2.5784346928069725E-002
         124   2.2562380791404976E-002
         125   2.4079868918983425E-002
         126   2.4704331907803224E-002
         127   2.4679287309933844E-002
         128   2.3520913090633803E-002
         129   2.0457257639099505E-002
         130   1.7168707842347471E-002
         131   1.3037079725508514E-002
         132   7.8907058643789274E-003
         133   4.3619756245685624E-003
         134  -4.4756185778893299E-003
         135  -7.9684630642517396E-003
         136  -1.2639090995252931E-002
         137  -1.4540031479704603E-002
         138  -1.5653865491454009E-002
         139  -6.2552763464919607E-003
         140   9.8556318800852643E-005
         141   3.5729250326828874E-003
         142   5.3717289120512263E-003
         143   5.1302963239936430E-003
         144   3.1358121641641480E-003
         145   2.1017218587301404E-003
         146   1.3913105662971875E-003
         147  -3.4771019648772869E-004
         148  -6.0975718580184328E-003
         149  -1.3586358977777397E-002
         150  -7.8954281755385346E-003
         151  -5.3992711485369880E-003
         152  -8.7903602624244372E-005
         153   3.7931427913202595E-003
         154   7.2795415701274683E-003
         155   6.3248729454073371E-003
         156   1.1210723460291786E-002
         157   1.4950676083963620E-002
         158   1.5793668332955164E-002
         159   1.5236494004433151E-002
         160   2.0975065166213617E-002
         161   2.9378803042764808E-002
         162   4.2879546430158157E-002
         163   5.4561495943262317E-002
         164   5.9085406403609923E-002
         165   5.4340414777260065E-002
         166   5.3079209349734993E-002
         167   4.9511044826454513E-002
         168   4.4362623513688242E-002
         169   4.2516283254089203E-002
         170   3.6353451753743715E-002
         171   3.1568393947949670E-002
         172   2.9802948040529815E-002
         173   2.6554147453284056E-002
         174   2.5699764614768569E-002
         175   2.7121007396535540E-002
         176   2.8410000650475380E-002
         177   3.3662814743357403E-002
         178   3.4868018071363416E-002
         179   3.5981654841344496E-002
         180   3.8640931001978393E-002
         181   3.6585347896108969E-002
         182   2.7754160058824653E-002
         183   2.1161037250303400E-002
         184   1.3492954812512618E-002
         185   1.1304948744733779E-002
         186   5.6074239260778137E-003
         187   2.7303414746659060E-004
         188  -2.7650893391963560E-003
         189  -4.6530197835634038E-003
         190  -1.1002051932614774E-002
         191  -1.3844216152261049E-002
         192  -1.6798217087901381E-002
         193  -1.9205114780736283E-002
         194  -2.7597200611962341E-002
         195  -3.2233957093104802E-002
         196  -3.2076597468536722E-002
         197  -3.0077800397825597E-002
         198  -2.8755070713498400E-002
         199  -3.2445373514241461E-002
         200  -3.3850786809336460E-002
