 -0.77063604455445545       0.38013320971685716     
 -0.74696013366336633       0.90809600099026988     
 -0.72328422277227722        2.1822462039301058     
 -0.69960831188118811        2.4779053670432170     
 -0.67593240099009899        2.8509990728764287     
 -0.65225649009900988        3.1748162515241218     
 -0.62858057920792076        2.8791570884110107     
 -0.60490466831683165        2.4849448709268627     
 -0.58122875742574254        2.7524460185053918     
 -0.55755284653465342        2.1329696767445876     
 -0.53387693564356431        2.3300757854866614     
 -0.51020102475247531        1.6331649010057567     
 -0.48652511386138614        2.3793523126721801     
 -0.46284920297029702        1.6824414281912752     
 -0.43917329207920791        1.1474391330342171     
 -0.41549738118811880        1.1615181408015081     
 -0.39182147029702968        1.2530316912888995     
 -0.36814555940594057       0.71802939613184125     
 -0.34446964851485146       0.40125172136779369     
 -0.32079373762376234       0.45756775243695769     
 -0.29711782673267323       0.61243683787715875     
 -0.27344191584158417       0.27454065146217460     
 -0.24976600495049506       0.59131832622622227     
 -0.22609009405940594       0.54908130292434920     
 -0.20241418316831683       0.52796279127341272     
 -0.17873827227722772       0.23230362816030159     
 -0.15506236138613860       0.28861965922946564     
 -0.13138645049504949       0.26750114757852911     
 -0.10771053960396038       0.24638263592759260     
  -8.4034628712871262E-002   8.4474046603746036E-002
  -6.0358717821782149E-002  0.15486908544020106     
  -3.6682806930693035E-002  0.21822462039301060     
  -1.3006896039603921E-002  0.14079007767291005     
   1.0669014851485192E-002   9.8553054371037035E-002
   3.4344925742574306E-002  0.14079007767291005     
   5.8020836633663420E-002  0.44348874466966670     
   8.1696747524752533E-002  0.21822462039301060     
  0.10537265841584165       0.20414561262571959     
  0.12904856930693076        9.8553054371037035E-002
  0.15272448019801987       0.14079007767291005     
  0.17640039108910899        0.0000000000000000     
  0.20007630198019810        1.4079007767291006E-002
  0.22375221287128710        4.2237023301873018E-002
  0.24742812376237622       0.10559255825468254     
  0.27110403465346533        7.0395038836455030E-003
  0.29477994554455444        7.0395038836455030E-003
  0.31845585643564356        0.0000000000000000     
  0.34213176732673267        7.0395038836455023E-002
  0.36580767821782179        0.0000000000000000     
  0.38948358910891090       0.19710610874207407     
  0.41315950000000001       0.18302710097478309     
  0.43683541089108913        1.4079007767291006E-002
  0.46051132178217824        8.4474046603746036E-002
  0.48418723267326735        0.0000000000000000     
  0.50786314356435647       0.11967156602197355     
  0.53153905445544558        0.0000000000000000     
  0.55521496534653469        0.0000000000000000     
  0.57889087623762381        7.0395038836455023E-002
  0.60256678712871292        0.0000000000000000     
  0.62624269801980204        1.4079007767291006E-002
  0.64991860891089115        2.8158015534582012E-002
  0.67359451980198026        0.0000000000000000     
  0.69727043069306938        0.0000000000000000     
  0.72094634158415849        0.0000000000000000     
  0.74462225247524760        7.0395038836455023E-002
  0.76829816336633672        0.0000000000000000     
  0.79197407425742583        0.0000000000000000     
  0.81564998514851494        0.0000000000000000     
  0.83932589603960406        0.0000000000000000     
  0.86300180693069317        0.0000000000000000     
  0.88667771782178229        9.1513550487391543E-002
  0.91035362871287140        2.8158015534582012E-002
  0.93402953960396051        0.0000000000000000     
  0.95770545049504963        0.0000000000000000     
  0.98138136138613874        0.0000000000000000     
   1.0050572722772277        0.0000000000000000     
   1.0287331831683169        0.0000000000000000     
   1.0524090940594060        7.0395038836455030E-003
   1.0760850049504951        0.0000000000000000     
   1.0997609158415842        0.0000000000000000     
   1.1234368267326733        0.0000000000000000     
   1.1471127376237624        0.0000000000000000     
   1.1707886485148515        0.0000000000000000     
   1.1944645594059407        0.0000000000000000     
   1.2181404702970298        1.4079007767291006E-002
   1.2418163811881189        0.0000000000000000     
   1.2654922920792080        0.0000000000000000     
   1.2891682029702971        0.0000000000000000     
   1.3128441138613862        0.0000000000000000     
   1.3365200247524753        0.0000000000000000     
   1.3601959356435644        0.0000000000000000     
   1.3838718465346536        4.9276527185518518E-002
   1.4075477574257427        0.0000000000000000     
   1.4312236683168318        7.0395038836455023E-002
   1.4548995792079209        0.0000000000000000     
   1.4785754900990100        0.0000000000000000     
   1.5022514009900991        0.0000000000000000     
   1.5259273118811882        0.0000000000000000     
   1.5496032227722774        0.0000000000000000     
   1.5732791336633665        0.0000000000000000     
   1.5969550445544556        2.8158015534582012E-002
